This is pdfTeX, Version 3.14159265-2.6-1.40.21 (TeX Live 2020) (preloaded format=pdflatex 2020.5.20)  3 JUN 2021 21:52
entering extended mode
 restricted \write18 enabled.
 file:line:error style messages enabled.
 %&-line parsing enabled.
**/Users/takeda/workspace/public/github/stap/books/mva/latex/section1.tex
(/Users/takeda/workspace/public/github/stap/books/mva/latex/section1.tex
LaTeX2e <2020-02-02> patch level 5
L3 programming layer <2020-03-06> (/usr/local/texlive/2020/texmf-dist/tex/platex/jsclasses/jsarticle.cls

/usr/local/texlive/2020/texmf-dist/tex/platex/jsclasses/jsarticle.cls:26: LaTeX Error: This file needs format `pLaTeX2e'
               but this is `LaTeX2e'.

See the LaTeX manual or LaTeX Companion for explanation.
Type  H <return>  for immediate help.
 ...                                              
                                                  
l.26 \NeedsTeXFormat{pLaTeX2e}
                              
The current input file will not be processed further,
because it was written for some other flavor of TeX.
You're in trouble here.  Try typing  <return>  to proceed.
If that doesn't work, type  X <return>  to quit.

) (/usr/local/texlive/2020/texmf-dist/tex/latex/tools/bm.sty
Package: bm 2019/07/24 v1.2d Bold Symbol Support (DPC/FMi)
\symboldoperators=\mathgroup4
\symboldletters=\mathgroup5
\symboldsymbols=\mathgroup6
LaTeX Font Info:    Redeclaring math alphabet \mathbf on input line 141.
LaTeX Info: Redefining \bm on input line 209.
) (/usr/local/texlive/2020/texmf-dist/tex/latex/l3backend/l3backend-pdfmode.def
File: l3backend-pdfmode.def 2020-03-12 L3 backend support: PDF mode
\l__kernel_color_stack_int=\count167
\l__pdf_internal_box=\box45
) (/Users/takeda/workspace/public/github/stap/books/mva/latex/section1.aux)
\openout1 = `section1.aux'.

LaTeX Font Info:    Checking defaults for OML/cmm/m/it on input line 5.
LaTeX Font Info:    ... okay on input line 5.
LaTeX Font Info:    Checking defaults for OMS/cmsy/m/n on input line 5.
LaTeX Font Info:    ... okay on input line 5.
LaTeX Font Info:    Checking defaults for OT1/cmr/m/n on input line 5.
LaTeX Font Info:    ... okay on input line 5.
LaTeX Font Info:    Checking defaults for T1/cmr/m/n on input line 5.
LaTeX Font Info:    ... okay on input line 5.
LaTeX Font Info:    Checking defaults for TS1/cmr/m/n on input line 5.
LaTeX Font Info:    ... okay on input line 5.
LaTeX Font Info:    Checking defaults for OMX/cmex/m/n on input line 5.
LaTeX Font Info:    ... okay on input line 5.
LaTeX Font Info:    Checking defaults for U/cmr/m/n on input line 5.
LaTeX Font Info:    ... okay on input line 5.


/Users/takeda/workspace/public/github/stap/books/mva/latex/section1.tex:5: LaTeX Error: The font size command \normalsize is not defined:
               there is probably something wrong with the class file.

See the LaTeX manual or LaTeX Companion for explanation.
Type  H <return>  for immediate help.
 ...                                              
                                                  
l.5 \begin{document}
                    
Your command was ignored.
Type  I <command> <return>  to replace it with another command,
or  <return>  to continue without it.

/Users/takeda/workspace/public/github/stap/books/mva/latex/section1.tex:7: Undefined control sequence.
l.7 \section
            {線形回帰}
The control sequence at the end of the top line
of your error message was never \def'ed. If you have
misspelled it (e.g., `\hobx'), type `I' and the correct
spelling (e.g., `I\hbox'). Otherwise just continue,
and I'll forget about whatever was undefined.


/Users/takeda/workspace/public/github/stap/books/mva/latex/section1.tex:7: Package inputenc Error: Unicode character 線 (U+7DDA)
(inputenc)                not set up for use with LaTeX.

See the inputenc package documentation for explanation.
Type  H <return>  for immediate help.
 ...                                              
                                                  
l.7 \section{線
                形回帰}
You may provide a definition with
\DeclareUnicodeCharacter 


/Users/takeda/workspace/public/github/stap/books/mva/latex/section1.tex:7: Package inputenc Error: Unicode character 形 (U+5F62)
(inputenc)                not set up for use with LaTeX.

See the inputenc package documentation for explanation.
Type  H <return>  for immediate help.
 ...                                              
                                                  
l.7 \section{線形
                   回帰}
You may provide a definition with
\DeclareUnicodeCharacter 


/Users/takeda/workspace/public/github/stap/books/mva/latex/section1.tex:7: Package inputenc Error: Unicode character 回 (U+56DE)
(inputenc)                not set up for use with LaTeX.

See the inputenc package documentation for explanation.
Type  H <return>  for immediate help.
 ...                                              
                                                  
l.7 \section{線形回
                      帰}
You may provide a definition with
\DeclareUnicodeCharacter 


/Users/takeda/workspace/public/github/stap/books/mva/latex/section1.tex:7: Package inputenc Error: Unicode character 帰 (U+5E30)
(inputenc)                not set up for use with LaTeX.

See the inputenc package documentation for explanation.
Type  H <return>  for immediate help.
 ...                                              
                                                  
l.7 \section{線形回帰
                         }
You may provide a definition with
\DeclareUnicodeCharacter 


/Users/takeda/workspace/public/github/stap/books/mva/latex/section1.tex:9: Package inputenc Error: Unicode character テ (U+30C6)
(inputenc)                not set up for use with LaTeX.

See the inputenc package documentation for explanation.
Type  H <return>  for immediate help.
 ...                                              
                                                  
l.9 テ
       スト
You may provide a definition with
\DeclareUnicodeCharacter 


/Users/takeda/workspace/public/github/stap/books/mva/latex/section1.tex:9: Package inputenc Error: Unicode character ス (U+30B9)
(inputenc)                not set up for use with LaTeX.

See the inputenc package documentation for explanation.
Type  H <return>  for immediate help.
 ...                                              
                                                  
l.9 テス
          ト
You may provide a definition with
\DeclareUnicodeCharacter 


/Users/takeda/workspace/public/github/stap/books/mva/latex/section1.tex:9: Package inputenc Error: Unicode character ト (U+30C8)
(inputenc)                not set up for use with LaTeX.

See the inputenc package documentation for explanation.
Type  H <return>  for immediate help.
 ...                                              
                                                  
l.9 テスト
             
You may provide a definition with
\DeclareUnicodeCharacter 

(/Users/takeda/workspace/public/github/stap/books/mva/latex/section1.aux) ) 
Here is how much of TeX's memory you used:
 258 strings out of 480608
 5778 string characters out of 5903630
 239610 words of memory out of 5000000
 16232 multiletter control sequences out of 15000+600000
 532338 words of font info for 24 fonts, out of 8000000 for 9000
 1141 hyphenation exceptions out of 8191
 17i,1n,19p,188b,38s stack positions out of 5000i,500n,10000p,200000b,80000s

No pages of output.
PDF statistics:
 0 PDF objects out of 1000 (max. 8388607)
 0 named destinations out of 1000 (max. 500000)
 1 words of extra memory for PDF output out of 10000 (max. 10000000)

